OpenSource_calendar/app/build/intermediates/manifest_merge_blame_file/debug/manifest-merger-blame-debug-report.txt
1<?xml version="1.0" encoding="utf-8"?>
2<manifest xmlns:android="http://schemas.android.com/apk/res/android"
3    package="aliahmed.info.customcalender"
4    android:versionCode="1"
5    android:versionName="1.0" >
6
7    <uses-sdk
8        android:minSdkVersion="15"
8-->src/main/AndroidManifest.xml
9        android:targetSdkVersion="28" />
9-->src/main/AndroidManifest.xml
10
11    <application
11-->src/main/AndroidManifest.xml:6:5-33:19
12        android:allowBackup="true"
12-->src/main/AndroidManifest.xml:7:9-35
13        android:appComponentFactory="androidx.core.app.CoreComponentFactory"
13-->[androidx.core:core:1.0.0] AndroidManifest.xml:22:18-86
14        android:debuggable="true"
15        android:icon="@mipmap/ic_launcher"
15-->src/main/AndroidManifest.xml:8:9-43
16        android:label="@string/app_name"
16-->src/main/AndroidManifest.xml:9:9-41
17        android:roundIcon="@mipmap/ic_launcher_round"
17-->src/main/AndroidManifest.xml:10:9-54
18        android:supportsRtl="true"
18-->src/main/AndroidManifest.xml:11:9-35
19        android:testOnly="true"
20        android:theme="@style/AppTheme" >
20-->src/main/AndroidManifest.xml:12:9-40
21        <activity android:name="aliahmed.info.customcalender.MainActivity" >
21-->src/main/AndroidManifest.xml:13:9-19:20
21-->src/main/AndroidManifest.xml:13:19-47
22            <intent-filter>
22-->src/main/AndroidManifest.xml:14:13-18:29
23                <action android:name="android.intent.action.MAIN" />
23-->src/main/AndroidManifest.xml:15:17-69
23-->src/main/AndroidManifest.xml:15:25-66
24
25                <category android:name="android.intent.category.LAUNCHER" />
25-->src/main/AndroidManifest.xml:17:17-77
25-->src/main/AndroidManifest.xml:17:27-74
26            </intent-filter>
27        </activity>
28        <activity
28-->src/main/AndroidManifest.xml:21:9-23:39
29            android:name="aliahmed.info.customcalender.MemoActivity"
29-->src/main/AndroidManifest.xml:21:19-47
30            android:exported="false"
30-->src/main/AndroidManifest.xml:23:13-37
31            android:screenOrientation="fullSensor" />
31-->src/main/AndroidManifest.xml:22:13-51
32        <!--
33        <activity android:name=".MemoActivity"
34            android:parentActivityName=".MainActivity"
35            />
36        -->
37        <activity
37-->src/main/AndroidManifest.xml:29:9-30:95
38            android:name="aliahmed.info.customcalender.PopupActivity"
38-->src/main/AndroidManifest.xml:29:19-48
39            android:screenOrientation="portrait"
39-->src/main/AndroidManifest.xml:30:47-83
40            android:theme="@style/popupTheme" />
40-->src/main/AndroidManifest.xml:30:13-46
41        <activity
41-->src/main/AndroidManifest.xml:32:9-99
42            android:name="aliahmed.info.customcalender.DatePickerActivity"
42-->src/main/AndroidManifest.xml:32:19-53
43            android:theme="@style/popupTheme" />
43-->src/main/AndroidManifest.xml:32:54-87
44    </application>
45
46</manifest>